 _______________________________________________________________
 |                                                             |
 | Program ATOM for calculation of the energy of a single atom |
 |     Developed as a part of  Dr. Hélio Duarte's DFT class    |
 |        ministered at the Chemistry Department of UFMG       |
 |                                                             |
 | By Taís Christofani                                         |
 |_____________________________________________________________|


 ******************
 INPUT INFORMATION
 ******************

 Atomic number:
           4

 Number of electron:
           4

 Number of basis functions:
           6

 Convergence criteria:
   1.0000000000000001E-005

 Maximum number of iterations:
        1000

 Cx
  0.73999999999999999     

 Mixing coefficient for hybrid functional
   0.0000000000000000     

 Gaussian functions coefficients:
   30.167871000000002     
   5.4951153000000001     
   1.4871927000000000     
   1.3148331000000000     
  0.30553890000000000     
   9.9370700000000006E-002


 ******************
 OUTPUT INFORMATION
 ******************

 * For detailed output information check .log file

 Number of SCF cycles for convergence:

           6

 Charge:
           0

 Ionization potential:
  0.15018475483822527     

 Electron affinity:
 -0.43487891002349882     

 Chemical potential
  0.14234707759263676     

 Density:
 0.50455540E-01 0.16155301     0.14017904     0.16674249E-01 0.89150601E-02-0.67654951E-01
 0.16155301     0.51783843     0.45282591     0.52067328E-01 0.25097060E-01-0.24830389    
 0.14017904     0.45282591     0.41767164     0.36974210E-01 0.37428333E-03-0.41209958    
 0.16674249E-01 0.52067328E-01 0.36974210E-01 0.86095545E-02 0.11030720E-01 0.51923225E-01
 0.89150601E-02 0.25097060E-01 0.37428333E-03 0.11030720E-01 0.22664729E-01 0.18181859    
-0.67654951E-01-0.24830389    -0.41209958     0.51923225E-01 0.18181859      1.8711203    

 Orbital energies:
              1                -3.7093228    
              2               -0.15018475    
              3                0.43487891    
              4                 2.8012256    
              5                 9.7442909    
              6                 44.550202    

 Total energy:
  -14.053616537606176     

 ---------------------------------------------
 CPU time:   8.6379999999999998E-002 seconds
