 _______________________________________________________________
 |                                                             |
 | Program ATOM for calculation of the energy of a single atom |
 |     Developed as a part of  Dr. Hélio Duarte's DFT class    |
 |        ministered at the Chemistry Department of UFMG       |
 |                                                             |
 | By Taís Christofani                                         |
 |_____________________________________________________________|


 ******************
 INPUT INFORMATION
 ******************

 Atomic number:
           1

 Number of electron:
           1

 Number of basis functions:
           2

 Convergence criteria:
   1.0000000000000001E-005

 Maximum number of iterations:
        1000

 Cx
 -0.93000000000000005     

 Mixing coefficient for hybrid functional
  0.25000000000000000     

 Gaussian functions coefficients:
   1.3097563770000000     
  0.23313597400000000     


 ******************
 OUTPUT INFORMATION
 ******************

 * For detailed output information check .log file

 Number of SCF cycles for convergence:

           5

 Charge:
           0

 Ionization potential:
  0.40742703803785907     

 Electron affinity:
  -1.1688261193443399     

 Chemical potential
  0.38069954065324041     

 Density:
 0.87605202E-01 0.23455559    
 0.23455559     0.62800292    

 Orbital energies:
              1               -0.40742704    
              2                 1.1688261    

 Total energy:
 -0.44466050387394973     

 ---------------------------------------------
 CPU time:   3.5090000000000000E-003 seconds
