 _______________________________________________________________
 |                                                             |
 | Program ATOM for calculation of the energy of a single atom |
 |     Developed as a part of  Dr. Hélio Duarte's DFT class    |
 |        ministered at the Chemistry Department of UFMG       |
 |                                                             |
 | By Taís Christofani                                         |
 |_____________________________________________________________|


 ******************
 INPUT INFORMATION
 ******************

 Atomic number:
           1

 Number of electron:
           1

 Number of basis functions:
           3

 Convergence criteria:
   1.0000000000000001E-005

 Maximum number of iterations:
        1000

 Cx
 -0.93000000000000005     

 Mixing coefficient for hybrid functional
   1.0000000000000000     

 Gaussian functions coefficients:
   3.4252509099999999     
  0.62391373000000006     
  0.16885539999999999     


 ******************
 OUTPUT INFORMATION
 ******************

 * For detailed output information check .log file

 Number of SCF cycles for convergence:

           2

 Charge:
           0

 Ionization potential:
  0.49574078113437892     

 Electron affinity:
 -0.74876945948003260     

 Chemical potential
  0.12651433917282684     

 Density:
 0.87375154E-02 0.34867498E-01 0.60466800E-01
 0.34867498E-01 0.13914051     0.24129583    
 0.60466800E-01 0.24129583     0.41845235    

 Orbital energies:
              1               -0.49574078    
              2                0.74876946    
              3                 5.4340953    

 Total energy:
 -0.49574078113437892     

 ---------------------------------------------
 CPU time:   2.6609999999999993E-003 seconds
