 _______________________________________________________________
 |                                                             |
 | Program ATOM for calculation of the energy of a single atom |
 |     Developed as a part of  Dr. Hélio Duarte's DFT class    |
 |        ministered at the Chemistry Department of UFMG       |
 |                                                             |
 | By Taís Christofani                                         |
 |_____________________________________________________________|


 ******************
 INPUT INFORMATION
 ******************

 Atomic number:
           1

 Number of electron:
           1

 Number of basis functions:
           2

 Convergence criteria:
   1.0000000000000001E-005

 Maximum number of iterations:
        1000

 Cx
  0.73999999999999999     

 Mixing coefficient for hybrid functional
   0.0000000000000000     

 Gaussian functions coefficients:
   1.3097563770000000     
  0.23313597400000000     


 ******************
 OUTPUT INFORMATION
 ******************

 * For detailed output information check .log file

 Number of SCF cycles for convergence:

           4

 Charge:
           0

 Ionization potential:
  0.13175129273708386     

 Electron affinity:
  -1.3397781799637676     

 Chemical potential
  0.60401344361334186     

 Density:
 0.47029065E-01 0.18510155    
 0.18510155     0.72854064    

 Orbital energies:
              1               -0.13175129    
              2                 1.3397782    

 Total energy:
 -0.37933051418128227     

 ---------------------------------------------
 CPU time:   7.8349999999999982E-003 seconds
