
 Overlap matrix S:
  1.0000000     0.61565089     0.28282059     0.13325672     0.66607913E-01 0.34450332E-01
 0.61565089      1.0000000     0.75152600     0.42543220     0.22732114     0.12067880    
 0.28282059     0.75152600      1.0000000     0.81497831     0.51741618     0.29623148    
 0.13325672     0.42543220     0.81497831      1.0000000     0.85056276     0.57260191    
 0.66607913E-01 0.22732114     0.51741618     0.85056276      1.0000000     0.86679856    
 0.34450332E-01 0.12067880     0.29623148     0.57260191     0.86679856      1.0000000    

 Nuclear matrix N:
 -9.5110006     -4.5040389     -1.9502236    -0.90405188    -0.44948775    -0.23201482    
 -4.5040389     -4.0725401     -2.4482700     -1.2826468    -0.66672506    -0.35018189    
 -1.9502236     -2.4482700     -2.1540772     -1.4388499    -0.83903132    -0.46343815    
-0.90405188     -1.2826468     -1.4388499     -1.2625299    -0.89470382    -0.55054952    
-0.44948775    -0.66672506    -0.83903132    -0.89470382    -0.78675905    -0.57298072    
-0.23201482    -0.35018189    -0.46343815    -0.55054952    -0.57298072    -0.50491007    

 Kinect energy matrix:
  53.284829      10.165614      1.4705857     0.24590512     0.48242391E-01 0.10317641E-01
  10.165614      9.7697151      3.2100944     0.72885669     0.15980536     0.35695668E-01
  1.4705857      3.2100944      2.7332142      1.1391061     0.33290540     0.84335766E-01
 0.24590512     0.72885669      1.1391061     0.93893286     0.44676438     0.14826144    
 0.48242391E-01 0.15980536     0.33290540     0.44676438     0.36461510     0.18438995    
 0.10317641E-01 0.35695668E-01 0.84335766E-01 0.14826144     0.18438995     0.15016864    

 Transformation matrix X=S^(-1/2):
  1.2438805    -0.57716438     0.23364592    -0.11619646     0.50477565E-01-0.14124403E-01
-0.57716438      1.9322041     -1.2333108     0.56379720    -0.24656280     0.65582474E-01
 0.23364592     -1.2333108      2.9341892     -2.0728967     0.88956987    -0.24115839    
-0.11619646     0.56379720     -2.0728967      4.0117548     -2.6288600     0.72972894    
 0.50477565E-01-0.24656280     0.88956987     -2.6288600      4.1228257     -1.8178120    
-0.14124403E-01 0.65582474E-01-0.24115839     0.72972894     -1.8178120      2.0696888    

 XtSX:
  1.0000000    -0.11037178E-15-0.38879490E-15 0.81358531E-15-0.36776138E-15 0.39551695E-15
 0.34369209E-15  1.0000000     0.15265567E-14-0.12732870E-14 0.12212453E-14-0.55511151E-15
-0.37838656E-15 0.13314003E-14  1.0000000    -0.29212743E-14 0.29698466E-14-0.12212453E-14
 0.57592819E-15-0.30357661E-15-0.35943470E-14  1.0000000    -0.44408921E-14 0.22759572E-14
-0.30878078E-15 0.95756736E-15 0.26506575E-14-0.26645353E-14  1.0000000    -0.15543122E-14
 0.28969882E-15-0.67307271E-15-0.13600232E-14 0.16653345E-14-0.19984014E-14  1.0000000    

 Initial Fock matrix F = Hcore:
  43.773829      5.6615747    -0.47963794    -0.65814676    -0.40124536    -0.22169718    
  5.6615747      5.6971751     0.76182434    -0.55379015    -0.50691970    -0.31448622    
-0.47963794     0.76182434     0.57913708    -0.29974382    -0.50612591    -0.37910238    
-0.65814676    -0.55379015    -0.29974382    -0.32359708    -0.44793944    -0.40228808    
-0.40124536    -0.50691970    -0.50612591    -0.44793944    -0.42214394    -0.38859077    
-0.22169718    -0.31448622    -0.37910238    -0.40228808    -0.38859077    -0.35474144    

 Transformed Fock matrix F':
  61.148198     -20.983498      5.3589499     -3.4138154      1.3381468    -0.43522992    
 -20.983498      19.466722     -7.9304183      2.3253921     -1.2978043     0.28852275    
  5.3589499     -7.9304183      6.4085244     -3.0077645     0.67332918    -0.28457409    
 -3.4138154      2.3253921     -3.0077645      2.1672587     -1.0604464     0.58935760E-01
  1.3381468     -1.2978043     0.67332918     -1.0604464     0.49815502    -0.26965643    
-0.43522992     0.28852275    -0.28457409     0.58935760E-01-0.26965643    -0.13195664    

 Orbitals energies:
              1-0.49985965    
              2-0.17139604E-01
              3 0.85346194    
              4  3.6901921    
              5  14.315207    
              6  71.215041    

 Transformed coefficients C':
 0.37526216E-01-0.25634092E-01-0.55962687E-01 0.91950216E-01 0.40052250     0.90880677    
 0.13385076    -0.10257061    -0.17693590     0.50692034     0.72804290    -0.39146168    
 0.30708216    -0.22496913    -0.50738495     0.55109171    -0.52724476     0.12633626    
 0.50181422    -0.39689078    -0.39574615    -0.63502370     0.16336977    -0.64034340E-01
 0.59337093    -0.27520192     0.73511859     0.16257221    -0.68114644E-01 0.26573957E-01
 0.53147881     0.83961459    -0.10539464    -0.34496853E-01 0.14796927E-01-0.77841717E-02

 New coefficients C=XC':
 0.53088018E-02-0.48820383E-02-0.14582885E-02 0.33040053E-01-0.67817109E-01  1.3947946    
 0.29714377E-01-0.67827663E-02-0.95098766E-01-0.15363544      1.9356892     -1.4798917    
 0.10419071    -0.16416768     0.21607511      2.4825779     -2.7541684      1.2240806    
 0.27565660     0.15541723     -2.6385666     -3.8673525      2.3021142    -0.92061677    
 0.40309973     -1.7936303      3.8521613      2.7722424     -1.3655110     0.54682644    
 0.32174014      1.9962720     -1.7316822    -0.93127268     0.44289951    -0.18012141    
 ******************
 Entering SCF cycle
 ******************

 :::::::::::::::: Step number           1 ::::::::::::::::

 Density matrix guess:
 0.28183376E-04 0.15774774E-03 0.55312780E-03 0.14634062E-02 0.21399765E-02 0.17080546E-02
 0.15774774E-03 0.88294419E-03 0.30959619E-02 0.81909640E-02 0.11977857E-01 0.95603077E-02
 0.55312780E-03 0.30959619E-02 0.10855703E-01 0.28720855E-01 0.41999245E-01 0.33522332E-01
 0.14634062E-02 0.81909640E-02 0.28720855E-01 0.75986559E-01 0.11111710     0.88689791E-01
 0.21399765E-02 0.11977857E-01 0.41999245E-01 0.11111710     0.16248939     0.12969336    
 0.17080546E-02 0.95603077E-02 0.33522332E-01 0.88689791E-01 0.12969336     0.10351672    

 Coulomb  matrix:
 0.98873338     0.60429258     0.27700591     0.13043467     0.65183620E-01 0.33710990E-01
 0.60429258     0.94861060     0.69617220     0.39008693     0.20761987     0.11004790    
 0.27700591     0.69617220     0.86400221     0.67032653     0.41515134     0.23503744    
 0.13043467     0.39008693     0.67032653     0.73498986     0.57771006     0.37226655    
 0.65183620E-01 0.20761987     0.41515134     0.57771006     0.58271061     0.45332490    
 0.33710990E-01 0.11004790     0.23503744     0.37226655     0.45332490     0.43260713    

 Exact exchange  matrix:
 0.80288787E-01 0.13127501     0.14648427     0.13516240     0.10826714     0.76624915E-01
 0.13127501     0.28434828     0.36511555     0.35646222     0.29231229     0.20910829    
 0.14648427     0.36511555     0.53970293     0.57419601     0.49165635     0.35929577    
 0.13516240     0.35646222     0.57419601     0.66066701     0.59541788     0.44791614    
 0.10826714     0.29231229     0.49165635     0.59541788     0.55995804     0.43335183    
 0.76624915E-01 0.20910829     0.35929577     0.44791614     0.43335183     0.34272072    
 Calculated number of electrons:
  0.99830340141921103     

 Exchange-correlation potential matrix:
 -1.1618920    -0.69701767    -0.31799824    -0.14953630    -0.74696499E-01-0.38624329E-01
-0.69701767     -1.0350559    -0.73996393    -0.41059814    -0.21776103    -0.11526267    
-0.31799824    -0.73996393    -0.86814037    -0.65297582    -0.39869322    -0.22432410    
-0.14953630    -0.41059814    -0.65297582    -0.67394036    -0.50931238    -0.32115657    
-0.74696499E-01-0.21776103    -0.39869322    -0.50931238    -0.47550372    -0.34877249    
-0.38624329E-01-0.11526267    -0.22432410    -0.32115657    -0.34877249    -0.29542619    

 Fock matrix F:
  44.682273      6.1345923    -0.34911630    -0.66287449    -0.44432888    -0.26461110    
  6.1345923      6.3614374      1.0928810    -0.52016545    -0.59161212    -0.41354660    
-0.34911630      1.0928810     0.90343635    -0.20361330    -0.58263092    -0.50336071    
-0.66287449    -0.52016545    -0.20361330    -0.24927424    -0.46564727    -0.47793767    
-0.44432888    -0.59161212    -0.58263092    -0.46564727    -0.39939138    -0.36861770    
-0.26461110    -0.41354660    -0.50336071    -0.47793767    -0.36861770    -0.26485502    

 Transformed Fock matrix F':
  62.100259     -21.006970      5.3352614     -3.4372670      1.3239897    -0.44490564    
 -21.006970      20.282440     -8.0059631      2.2570675     -1.3555519     0.25737736    
  5.3352614     -8.0059631      6.9919791     -3.1395400     0.56576635    -0.35647989    
 -3.4372670      2.2570675     -3.1395400      2.5167553     -1.1850291    -0.36961479E-01
  1.3239897     -1.3555519     0.56576635     -1.1850291     0.72031294    -0.32236451    
-0.44490564     0.25737736    -0.35647989    -0.36961479E-01-0.32236451     0.67507492E-01

 Orbitals energies:
              1-0.49985965    
              2 0.27227791    
              3  1.2930172    
              4  4.3233597    
              5  15.132720    
              6  72.157739    

 Transformed coefficients C':
 0.37526216E-01-0.21428415E-01-0.55229905E-01 0.90960930E-01 0.40045426     0.90909007    
 0.13385076    -0.89660101E-01-0.16922705     0.50664935     0.73197903    -0.39105036    
 0.30708216    -0.18801848    -0.50449992     0.57076393    -0.52366961     0.12580982    
 0.50181422    -0.36546504    -0.44378038    -0.62334478     0.15832076    -0.63660000E-01
 0.59337093    -0.32905422     0.71756891     0.14030436    -0.65948093E-01 0.26356206E-01
 0.53147881     0.84516837    -0.44108190E-01-0.31891198E-01 0.14093111E-01-0.77139274E-02

 New coefficients C=XC':
 0.53088018E-02-0.49171360E-02-0.49208349E-03 0.34044358E-01-0.68632491E-01  1.3947312    
 0.29714377E-01 0.15239320E-02-0.10291993    -0.16560417      1.9354977     -1.4783418    
 0.10419071    -0.18507458     0.28438273      2.4957566     -2.7359855      1.2211082    
 0.27565660     0.35730788     -2.7421292     -3.8008754      2.2704659    -0.91720106    
 0.40309973     -2.0784643      3.7953777      2.6625138     -1.3398198     0.54426149    
 0.32174014      2.1204686     -1.6081888    -0.88162650     0.43321697    -0.17915710    

 Kinetic energy:
  0.50052234986325683     

 Nuclear-elctron potential energy:
  -1.0003819954687683     

 ===> One-electron energy:
 -0.49985964560551133     

 Coulomb energy:
  0.31287652718695907     

 Exchange-correlation energy
 -0.26813722356200487     

 HF exact exchange energy:
  0.31287652718695913     

 ===> Two-electron energy:
   4.4739303624954208E-002

 ===> Total energy:
 -0.49985964560551138     

 :::::::::::::::: Step number           2 ::::::::::::::::

 Density matrix guess:
 0.28183376E-04 0.15774774E-03 0.55312780E-03 0.14634062E-02 0.21399765E-02 0.17080546E-02
 0.15774774E-03 0.88294419E-03 0.30959619E-02 0.81909640E-02 0.11977857E-01 0.95603077E-02
 0.55312780E-03 0.30959619E-02 0.10855703E-01 0.28720855E-01 0.41999245E-01 0.33522332E-01
 0.14634062E-02 0.81909640E-02 0.28720855E-01 0.75986559E-01 0.11111710     0.88689791E-01
 0.21399765E-02 0.11977857E-01 0.41999245E-01 0.11111710     0.16248939     0.12969336    
 0.17080546E-02 0.95603077E-02 0.33522332E-01 0.88689791E-01 0.12969336     0.10351672    

 Coulomb  matrix:
 0.98873338     0.60429258     0.27700591     0.13043467     0.65183620E-01 0.33710990E-01
 0.60429258     0.94861060     0.69617220     0.39008693     0.20761987     0.11004790    
 0.27700591     0.69617220     0.86400221     0.67032653     0.41515134     0.23503744    
 0.13043467     0.39008693     0.67032653     0.73498986     0.57771006     0.37226655    
 0.65183620E-01 0.20761987     0.41515134     0.57771006     0.58271061     0.45332490    
 0.33710990E-01 0.11004790     0.23503744     0.37226655     0.45332490     0.43260713    

 Exact exchange  matrix:
 0.80288787E-01 0.13127501     0.14648427     0.13516240     0.10826714     0.76624915E-01
 0.13127501     0.28434828     0.36511555     0.35646222     0.29231229     0.20910829    
 0.14648427     0.36511555     0.53970293     0.57419601     0.49165635     0.35929577    
 0.13516240     0.35646222     0.57419601     0.66066701     0.59541788     0.44791614    
 0.10826714     0.29231229     0.49165635     0.59541788     0.55995804     0.43335183    
 0.76624915E-01 0.20910829     0.35929577     0.44791614     0.43335183     0.34272072    
 Calculated number of electrons:
  0.99830340141921015     

 Exchange-correlation potential matrix:
 -1.1618920    -0.69701767    -0.31799824    -0.14953630    -0.74696499E-01-0.38624329E-01
-0.69701767     -1.0350559    -0.73996393    -0.41059814    -0.21776103    -0.11526267    
-0.31799824    -0.73996393    -0.86814037    -0.65297582    -0.39869322    -0.22432410    
-0.14953630    -0.41059814    -0.65297582    -0.67394036    -0.50931238    -0.32115657    
-0.74696499E-01-0.21776103    -0.39869322    -0.50931238    -0.47550372    -0.34877249    
-0.38624329E-01-0.11526267    -0.22432410    -0.32115657    -0.34877249    -0.29542619    

 Fock matrix F:
  44.682273      6.1345923    -0.34911630    -0.66287449    -0.44432888    -0.26461110    
  6.1345923      6.3614374      1.0928810    -0.52016545    -0.59161212    -0.41354660    
-0.34911630      1.0928810     0.90343635    -0.20361330    -0.58263092    -0.50336071    
-0.66287449    -0.52016545    -0.20361330    -0.24927424    -0.46564727    -0.47793767    
-0.44432888    -0.59161212    -0.58263092    -0.46564727    -0.39939138    -0.36861770    
-0.26461110    -0.41354660    -0.50336071    -0.47793767    -0.36861770    -0.26485502    

 Transformed Fock matrix F':
  62.100259     -21.006970      5.3352614     -3.4372670      1.3239897    -0.44490564    
 -21.006970      20.282440     -8.0059631      2.2570675     -1.3555519     0.25737736    
  5.3352614     -8.0059631      6.9919791     -3.1395400     0.56576635    -0.35647989    
 -3.4372670      2.2570675     -3.1395400      2.5167553     -1.1850291    -0.36961479E-01
  1.3239897     -1.3555519     0.56576635     -1.1850291     0.72031294    -0.32236451    
-0.44490564     0.25737736    -0.35647989    -0.36961479E-01-0.32236451     0.67507492E-01

 Orbitals energies:
              1-0.49985965    
              2 0.27227791    
              3  1.2930172    
              4  4.3233597    
              5  15.132720    
              6  72.157739    

 Transformed coefficients C':
 0.37526216E-01-0.21428415E-01-0.55229905E-01 0.90960930E-01 0.40045426     0.90909007    
 0.13385076    -0.89660101E-01-0.16922705     0.50664935     0.73197903    -0.39105036    
 0.30708216    -0.18801848    -0.50449992     0.57076393    -0.52366961     0.12580982    
 0.50181422    -0.36546504    -0.44378038    -0.62334478     0.15832076    -0.63660000E-01
 0.59337093    -0.32905422     0.71756891     0.14030436    -0.65948093E-01 0.26356206E-01
 0.53147881     0.84516837    -0.44108190E-01-0.31891198E-01 0.14093111E-01-0.77139274E-02

 New coefficients C=XC':
 0.53088018E-02-0.49171360E-02-0.49208349E-03 0.34044358E-01-0.68632491E-01  1.3947312    
 0.29714377E-01 0.15239320E-02-0.10291993    -0.16560417      1.9354977     -1.4783418    
 0.10419071    -0.18507458     0.28438273      2.4957566     -2.7359855      1.2211082    
 0.27565660     0.35730788     -2.7421292     -3.8008754      2.2704659    -0.91720106    
 0.40309973     -2.0784643      3.7953777      2.6625138     -1.3398198     0.54426149    
 0.32174014      2.1204686     -1.6081888    -0.88162650     0.43321697    -0.17915710    

 Kinetic energy:
  0.50052234986325606     

 Nuclear-elctron potential energy:
  -1.0003819954687669     

 ===> One-electron energy:
 -0.49985964560551099     

 Coulomb energy:
  0.31287652718695863     

 Exchange-correlation energy
 -0.26813722356200459     

 HF exact exchange energy:
  0.31287652718695858     

 ===> Two-electron energy:
   4.4739303624954041E-002

 ===> Total energy:
 -0.49985964560551094     

 ******************
 End of  SCF cycle
 ******************
