
 Overlap matrix S:
  1.0000000     0.61356353     0.27530502    
 0.61356353      1.0000000     0.74097665    
 0.27530502     0.74097665      1.0000000    

 Nuclear matrix N:
 -2.9533589     -1.3931481    -0.58893128    
 -1.3931481     -1.2604694    -0.74444553    
-0.58893128    -0.74444553    -0.65573372    

 Kinect energy matrix:
  5.1378761     0.97147644     0.13290820    
 0.97147644     0.93587055     0.29540546    
 0.13290820     0.29540546     0.25328309    

 Transformation matrix X=S^(-1/2):
  1.2310221    -0.52779732     0.12988788    
-0.52779732      1.7089749    -0.71560826    
 0.12988788    -0.71560826      1.4053220    

 XtSX:
  1.0000000     0.18041124E-15 0.19428903E-15
 0.40245585E-15  1.0000000      0.0000000    
 0.23592239E-15-0.11102230E-15  1.0000000    

 Initial Fock matrix F = Hcore:
  2.1845172    -0.42167169    -0.45602308    
-0.42167169    -0.32459885    -0.44904006    
-0.45602308    -0.44904006    -0.40245063    

 Transformed Fock matrix F':
  3.6769194     -1.9300155     0.13179949    
 -1.9300155     0.96895208    -0.52868625    
 0.13179949    -0.52868625    -0.10911125    

 Orbitals energies:
              1-0.49574078    
              2 0.32474440    
              3  4.7077566    

 Transformed coefficients C':
 0.25917594     0.39426215     0.88169450    
 0.61139255     0.63972384    -0.46578167    
 0.74768107    -0.65978085     0.75247912E-01

 New coefficients C=XC':
 0.93474678E-01 0.62003356E-01  1.3409975    
 0.37301543      1.3573261     -1.3152132    
 0.64687893     -1.3337863     0.55358619    
 ******************
 Entering SCF cycle
 ******************

 :::::::::::::::: Step number           1 ::::::::::::::::

 Density matrix guess:
 0.87375154E-02 0.34867498E-01 0.60466800E-01
 0.34867498E-01 0.13914051     0.24129583    
 0.60466800E-01 0.24129583     0.41845235    

 Coulomb  matrix:
 0.92224433     0.54101654     0.23972212    
 0.54101654     0.74181461     0.49721945    
 0.23972212     0.49721945     0.52474862    

 Exact exchange  matrix:
 0.41194624     0.47430676     0.35192817    
 0.47430676     0.67111926     0.54762476    
 0.35192817     0.54762476     0.47946908    
 Calculated number of electrons:
  0.99893972160896738     

 Exchange-correlation potential matrix:
-0.86657670    -0.49112821    -0.21574345    
-0.49112821    -0.61093375    -0.39016735    
-0.21574345    -0.39016735    -0.36171568    

 Fock matrix F:
  2.2401848    -0.37178336    -0.43204440    
-0.37178336    -0.19371799    -0.34198796    
-0.43204440    -0.34198796    -0.23941769    

 Transformed Fock matrix F':
  3.7286514     -1.9391113     0.12505820    
 -1.9391113      1.1164732    -0.53469400    
 0.12505820    -0.53469400     0.64993712E-01

 Orbitals energies:
              1-0.35187835    
              2 0.47358848    
              3  4.7884082    

 Transformed coefficients C':
 0.27727446     0.39245301     0.87698319    
 0.63024659     0.61465795    -0.47432567    
 0.72519522    -0.68423406     0.76913222E-01

 New coefficients C=XC':
 0.10288260     0.69829797E-01  1.3399236    
 0.41177522      1.3329429     -1.3285198    
 0.60413775     -1.3504486     0.56142870    

 Kinetic energy:
  0.50747586739088879     

 Nuclear-elctron potential energy:
  -1.0032166485252678     

 ===> One-electron energy:
 -0.49574078113437908     

 Coulomb energy:
  0.31876454138207011     

 Exchange-correlation energy
 -0.27267215217496904     

 HF exact exchange energy:
  0.31876454138207011     

 ===> Two-electron energy:
   4.6092389207101070E-002

 ===> Total energy:
 -0.44964839192727801     

 :::::::::::::::: Step number           2 ::::::::::::::::

 Density matrix guess:
 0.10584829E-01 0.42364504E-01 0.62155260E-01
 0.42364504E-01 0.16955883     0.24876896    
 0.62155260E-01 0.24876896     0.36498242    

 Coulomb  matrix:
 0.95584247     0.55915079     0.24757193    
 0.55915079     0.75981205     0.50719235    
 0.24757193     0.50719235     0.53129366    

 Exact exchange  matrix:
 0.45016143     0.50720857     0.36909106    
 0.50720857     0.69874125     0.55766327    
 0.36909106     0.55766327     0.47619881    
 Calculated number of electrons:
  0.99907518843041032     

 Exchange-correlation potential matrix:
-0.89478464    -0.50540523    -0.22180964    
-0.50540523    -0.62114119    -0.39410557    
-0.22180964    -0.39410557    -0.36024203    

 Fock matrix F:
  2.2455750    -0.36792613    -0.43026079    
-0.36792613    -0.18592799    -0.33595328    
-0.43026079    -0.33595328    -0.23139899    

 Transformed Fock matrix F':
  3.7338558     -1.9392707     0.12474234    
 -1.9392707      1.1244612    -0.53424651    
 0.12474234    -0.53424651     0.72706648E-01

 Orbitals energies:
              1-0.34402304    
              2 0.48073525    
              3  4.7943114    

 Transformed coefficients C':
 0.27758420     0.39249947     0.87686440    
 0.63033633     0.61438995    -0.47455358    
 0.72499870    -0.68444807     0.76861729E-01

 New coefficients C=XC':
 0.10319101     0.70000641E-01  1.3398910    
 0.41190574      1.3326136     -1.3288097    
 0.60383759     -1.3505515     0.56150400    

 Kinetic energy:
  0.55132207511925302     

 Nuclear-elctron potential energy:
  -1.0459560903403424     

 ===> One-electron energy:
 -0.49463401522108946     

 Coulomb energy:
  0.33168131665656786     

 Exchange-correlation energy
 -0.28384446587156970     

 HF exact exchange energy:
  0.33168131665656786     

 ===> Two-electron energy:
   4.7836850784998164E-002

 ===> Total energy:
 -0.44679716443609130     

 :::::::::::::::: Step number           3 ::::::::::::::::

 Density matrix guess:
 0.10648385E-01 0.42504970E-01 0.62310612E-01
 0.42504970E-01 0.16966634     0.24872417    
 0.62310612E-01 0.24872417     0.36461983    

 Coulomb  matrix:
 0.95626305     0.55936762     0.24766469    
 0.55936762     0.76000132     0.50729223    
 0.24766469     0.50729223     0.53135453    

 Exact exchange  matrix:
 0.45075247     0.50765018     0.36933127    
 0.50765018     0.69900164     0.55774105    
 0.36933127     0.55774105     0.47614920    
 Calculated number of electrons:
  0.99907610708414774     

 Exchange-correlation potential matrix:
-0.89524138    -0.50561194    -0.22189478    
-0.50561194    -0.62123940    -0.39413433    
-0.22189478    -0.39413433    -0.36022084    

 Fock matrix F:
  2.2455389    -0.36791601    -0.43025317    
-0.36791601    -0.18583693    -0.33588216    
-0.43025317    -0.33588216    -0.23131693    

 Transformed Fock matrix F':
  3.7338073     -1.9392775     0.12473027    
 -1.9392775      1.1245726    -0.53423100    
 0.12473027    -0.53423100     0.72772590E-01

 Orbitals energies:
              1-0.34394087    
              2 0.48079092    
              3  4.7943024    

 Transformed coefficients C':
 0.27759323     0.39250856     0.87685747    
 0.63033003     0.61438637    -0.47456659    
 0.72500073    -0.68444607     0.76860438E-01

 New coefficients C=XC':
 0.10320571     0.70013986E-01  1.3398891    
 0.41188876      1.3326012     -1.3288274    
 0.60384611     -1.3505450     0.56151059    

 Kinetic energy:
  0.55194513877053597     

 Nuclear-elctron potential energy:
  -1.0465492085842558     

 ===> One-electron energy:
 -0.49460406981371974     

 Coulomb energy:
  0.33181972897287493     

 Exchange-correlation energy
 -0.28396897106548363     

 HF exact exchange energy:
  0.33181972897287498     

 ===> Two-electron energy:
   4.7850757907391295E-002

 ===> Total energy:
 -0.44675331190632844     

 :::::::::::::::: Step number           4 ::::::::::::::::

 Density matrix guess:
 0.10651419E-01 0.42509272E-01 0.62320367E-01
 0.42509272E-01 0.16965235     0.24871743    
 0.62320367E-01 0.24871743     0.36463013    

 Coulomb  matrix:
 0.95626906     0.55937020     0.24766573    
 0.55937020     0.76000216     0.50729237    
 0.24766573     0.50729237     0.53135432    

 Exact exchange  matrix:
 0.45076680     0.50765818     0.36933632    
 0.50765818     0.69900114     0.55774000    
 0.36933632     0.55774000     0.47614834    
 Calculated number of electrons:
  0.99907608100529577     

 Exchange-correlation potential matrix:
-0.89525390    -0.50561662    -0.22189659    
-0.50561662    -0.62123944    -0.39413378    
-0.22189659    -0.39413378    -0.36022051    

 Fock matrix F:
  2.2455324    -0.36791812    -0.43025394    
-0.36791812    -0.18583613    -0.33588147    
-0.43025394    -0.33588147    -0.23131682    

 Transformed Fock matrix F':
  3.7338001     -1.9392778     0.12472964    
 -1.9392778      1.1245747    -0.53423024    
 0.12472964    -0.53423024     0.72771823E-01

 Orbitals energies:
              1-0.34394069    
              2 0.48078976    
              3  4.7942975    

 Transformed coefficients C':
 0.27759369     0.39250915     0.87685707    
 0.63032958     0.61438624    -0.47456735    
 0.72500094    -0.68444585     0.76860387E-01

 New coefficients C=XC':
 0.10320654     0.70014805E-01  1.3398890    
 0.41188760      1.3326005     -1.3288284    
 0.60384679     -1.3505445     0.56151101    

 Kinetic energy:
  0.55195721075724602     

 Nuclear-elctron potential energy:
  -1.0465607266448860     

 ===> One-electron energy:
 -0.49460351588763996     

 Coulomb energy:
  0.33182027416260707     

 Exchange-correlation energy
 -0.28396978281002405     

 HF exact exchange energy:
  0.33182027416260712     

 ===> Two-electron energy:
   4.7850491352583013E-002

 ===> Total energy:
 -0.44675302453505694     

 ******************
 End of  SCF cycle
 ******************
