
 Overlap matrix S:
  1.0000000     0.61356353     0.27530502    
 0.61356353      1.0000000     0.74097665    
 0.27530502     0.74097665      1.0000000    

 Nuclear matrix N:
 -2.9533589     -1.3931481    -0.58893128    
 -1.3931481     -1.2604694    -0.74444553    
-0.58893128    -0.74444553    -0.65573372    

 Kinect energy matrix:
  5.1378761     0.97147644     0.13290820    
 0.97147644     0.93587055     0.29540546    
 0.13290820     0.29540546     0.25328309    

 Transformation matrix X=S^(-1/2):
  1.2310221    -0.52779732     0.12988788    
-0.52779732      1.7089749    -0.71560826    
 0.12988788    -0.71560826      1.4053220    

 XtSX:
  1.0000000     0.18041124E-15 0.19428903E-15
 0.40245585E-15  1.0000000      0.0000000    
 0.23592239E-15-0.11102230E-15  1.0000000    

 Initial Fock matrix F = Hcore:
  2.1845172    -0.42167169    -0.45602308    
-0.42167169    -0.32459885    -0.44904006    
-0.45602308    -0.44904006    -0.40245063    

 Transformed Fock matrix F':
  3.6769194     -1.9300155     0.13179949    
 -1.9300155     0.96895208    -0.52868625    
 0.13179949    -0.52868625    -0.10911125    

 Orbitals energies:
              1-0.49574078    
              2 0.32474440    
              3  4.7077566    

 Transformed coefficients C':
 0.25917594     0.39426215     0.88169450    
 0.61139255     0.63972384    -0.46578167    
 0.74768107    -0.65978085     0.75247912E-01

 New coefficients C=XC':
 0.93474678E-01 0.62003356E-01  1.3409975    
 0.37301543      1.3573261     -1.3152132    
 0.64687893     -1.3337863     0.55358619    
 ******************
 Entering SCF cycle
 ******************

 :::::::::::::::: Step number           1 ::::::::::::::::

 Density matrix guess:
 0.87375154E-02 0.34867498E-01 0.60466800E-01
 0.34867498E-01 0.13914051     0.24129583    
 0.60466800E-01 0.24129583     0.41845235    

 Coulomb  matrix:
 0.92224433     0.54101654     0.23972212    
 0.54101654     0.74181461     0.49721945    
 0.23972212     0.49721945     0.52474862    

 Exact exchange  matrix:
 0.41194624     0.47430676     0.35192817    
 0.47430676     0.67111926     0.54762476    
 0.35192817     0.54762476     0.47946908    
 Calculated number of electrons:
  0.99893972160896738     

 Exchange-correlation potential matrix:
-0.95942421    -0.54374909    -0.23885882    
-0.54374909    -0.67639094    -0.43197099    
-0.23885882    -0.43197099    -0.40047093    

 Fock matrix F:
  2.6948153    -0.35496191    -0.56822913    
-0.35496191    -0.25390350    -0.49944537    
-0.56822913    -0.49944537    -0.35717108    

 Transformed Fock matrix F':
  4.3550325     -2.0943093     0.31084579E-01
 -2.0943093      1.2589498    -0.70887198    
 0.31084579E-01-0.70887198     0.73141712E-01

 Orbitals energies:
              1-0.49574078    
              2 0.74876946    
              3  5.4340953    

 Transformed coefficients C':
 0.25917594     0.38117258     0.88743185    
 0.61139255     0.64654596    -0.45626470    
 0.74768107    -0.66082206     0.65476915E-01

 New coefficients C=XC':
 0.93474678E-01 0.42153866E-01  1.3417682    
 0.37301543      1.3766387     -1.2949849    
 0.64687893     -1.3418317     0.53378958    

 Kinetic energy:
  0.50747586739088879     

 Nuclear-elctron potential energy:
  -1.0032166485252678     

 ===> One-electron energy:
 -0.49574078113437908     

 Coulomb energy:
  0.31876454138207011     

 Exchange-correlation energy
 -0.27267215217496898     

 HF exact exchange energy:
  0.31876454138207011     

 ===> Two-electron energy:
   4.6092389207101125E-002

 ===> Total energy:
 -0.49574078113437908     

 :::::::::::::::: Step number           2 ::::::::::::::::

 Density matrix guess:
 0.87375154E-02 0.34867498E-01 0.60466800E-01
 0.34867498E-01 0.13914051     0.24129583    
 0.60466800E-01 0.24129583     0.41845235    

 Coulomb  matrix:
 0.92224433     0.54101654     0.23972212    
 0.54101654     0.74181461     0.49721945    
 0.23972212     0.49721945     0.52474862    

 Exact exchange  matrix:
 0.41194624     0.47430676     0.35192817    
 0.47430676     0.67111926     0.54762476    
 0.35192817     0.54762476     0.47946908    
 Calculated number of electrons:
  0.99893972160896682     

 Exchange-correlation potential matrix:
-0.95942421    -0.54374909    -0.23885882    
-0.54374909    -0.67639094    -0.43197099    
-0.23885882    -0.43197099    -0.40047093    

 Fock matrix F:
  2.6948153    -0.35496191    -0.56822913    
-0.35496191    -0.25390350    -0.49944537    
-0.56822913    -0.49944537    -0.35717108    

 Transformed Fock matrix F':
  4.3550325     -2.0943093     0.31084579E-01
 -2.0943093      1.2589498    -0.70887198    
 0.31084579E-01-0.70887198     0.73141712E-01

 Orbitals energies:
              1-0.49574078    
              2 0.74876946    
              3  5.4340953    

 Transformed coefficients C':
 0.25917594     0.38117258     0.88743185    
 0.61139255     0.64654596    -0.45626470    
 0.74768107    -0.66082206     0.65476915E-01

 New coefficients C=XC':
 0.93474678E-01 0.42153866E-01  1.3417682    
 0.37301543      1.3766387     -1.2949849    
 0.64687893     -1.3418317     0.53378958    

 Kinetic energy:
  0.50747586739088846     

 Nuclear-elctron potential energy:
  -1.0032166485252674     

 ===> One-electron energy:
 -0.49574078113437892     

 Coulomb energy:
  0.31876454138206967     

 Exchange-correlation energy
 -0.27267215217496876     

 HF exact exchange energy:
  0.31876454138206967     

 ===> Two-electron energy:
   4.6092389207100903E-002

 ===> Total energy:
 -0.49574078113437892     

 ******************
 End of  SCF cycle
 ******************
