 _______________________________________________________________
 |                                                             |
 | Program ATOM for calculation of the energy of a single atom |
 |     Developed as a part of  Dr. Hélio Duarte's DFT class    |
 |        ministered at the Chemistry Department of UFMG       |
 |                                                             |
 | By Taís Christofani                                         |
 |_____________________________________________________________|


 ******************
 INPUT INFORMATION
 ******************

 Atomic number:
           1

 Number of electron:
           1

 Number of basis functions:
           3

 Convergence criteria:
   1.0000000000000001E-005

 Maximum number of iterations:
        1000

 Cx
 -0.93000000000000005     

 Mixing coefficient for hybrid functional
  0.25000000000000000     

 Gaussian functions coefficients:
   3.4252509099999999     
  0.62391373000000006     
  0.16885539999999999     


 ******************
 OUTPUT INFORMATION
 ******************

 * For detailed output information check .log file

 Number of SCF cycles for convergence:

           6

 Charge:
           0

 Ionization potential:
  0.42094316789608349     

 Electron affinity:
 -0.51824299973065313     

 Chemical potential
   4.8649915917284819E-002

 Density:
 0.10792076E-01 0.44539894E-01 0.60959299E-01
 0.44539894E-01 0.18382025     0.25158465    
 0.60959299E-01 0.25158465     0.34433005    

 Orbital energies:
              1               -0.42094317    
              2                0.51824300    
              3                 4.8999100    

 Total energy:
 -0.45735731879953501     

 ---------------------------------------------
 CPU time:   7.3769999999999990E-003 seconds
